<?xml version="1.0" encoding="UTF-8"?>
<testng-results skipped="0" failed="2" ignored="2" total="6" passed="2">
  <reporter-output>
    <line>
      <![CDATA[Title is matching...]]>
    </line>
    <line>
      <![CDATA[Matching Title is = actiTIME - Login]]>
    </line>
    <line>
      <![CDATA[Title is matching...]]>
    </line>
    <line>
      <![CDATA[Matching Title is = actiTIME - Login]]>
    </line>
    <line>
      <![CDATA[Title is not matching...]]>
    </line>
    <line>
      <![CDATA[Matching Title is = actiTIME - Login]]>
    </line>
    <line>
      <![CDATA[Title is not matching...]]>
    </line>
    <line>
      <![CDATA[Matching Title is = actiTIME - Login]]>
    </line>
    <line>
      <![CDATA[Title is matching...]]>
    </line>
    <line>
      <![CDATA[Matching Title is = actiTIME - Login]]>
    </line>
    <line>
      <![CDATA[Element is present...]]>
    </line>
    <line>
      <![CDATA[Actual application version = actiTIME 2020 Online]]>
    </line>
    <line>
      <![CDATA[Title is matching...]]>
    </line>
    <line>
      <![CDATA[Matching Title is = actiTIME - Login]]>
    </line>
    <line>
      <![CDATA[Element is present...]]>
    </line>
    <line>
      <![CDATA[Actual application version = actiTIME 2020 Online]]>
    </line>
  </reporter-output>
  <suite name="Suite" duration-ms="69573" started-at="2020-12-28T08:34:21 IST" finished-at="2020-12-28T08:35:31 IST">
    <groups>
    </groups>
    <test name="ChromeTest" duration-ms="64710" started-at="2020-12-28T08:34:21 IST" finished-at="2020-12-28T08:35:26 IST">
      <class name="com_ActiTime_Tests.ValidLoginLogoutTest">
        <test-method status="PASS" signature="precondition(java.lang.String, java.lang.String, java.lang.String)[pri:0, instance:com_ActiTime_Tests.ValidLoginLogoutTest@5cc7c2a6]" name="precondition" is-config="true" duration-ms="31961" started-at="2020-12-28T08:34:21 IST" finished-at="2020-12-28T08:34:53 IST">
          <params>
            <param index="0">
              <value>
                <![CDATA[http://localhost:4444/wd/hub]]>
              </value>
            </param>
            <param index="1">
              <value>
                <![CDATA[chrome]]>
              </value>
            </param>
            <param index="2">
              <value>
                <![CDATA[https://demo.actitime.com]]>
              </value>
            </param>
          </params>
          <reporter-output>
          </reporter-output>
        </test-method> <!-- precondition -->
        <test-method status="FAIL" signature="ValidLoginLogout()[pri:1, instance:com_ActiTime_Tests.ValidLoginLogoutTest@5cc7c2a6]" name="ValidLoginLogout" duration-ms="11441" started-at="2020-12-28T08:34:53 IST" finished-at="2020-12-28T08:35:05 IST">
          <exception class="java.lang.AssertionError">
            <message>
              <![CDATA[null]]>
            </message>
            <full-stacktrace>
              <![CDATA[java.lang.AssertionError: null
at org.testng.Assert.fail(Assert.java:97)
at org.testng.Assert.fail(Assert.java:102)
at com_ActiTime_Generic.BasePage.verifyTitle(BasePage.java:32)
at com_ActiTime_Tests.ValidLoginLogoutTest.ValidLoginLogout(ValidLoginLogoutTest.java:30)
at sun.reflect.NativeMethodAccessorImpl.invoke0(Native Method)
at sun.reflect.NativeMethodAccessorImpl.invoke(Unknown Source)
at sun.reflect.DelegatingMethodAccessorImpl.invoke(Unknown Source)
at java.lang.reflect.Method.invoke(Unknown Source)
at org.testng.internal.MethodInvocationHelper.invokeMethod(MethodInvocationHelper.java:133)
at org.testng.internal.TestInvoker.invokeMethod(TestInvoker.java:584)
at org.testng.internal.TestInvoker.invokeTestMethod(TestInvoker.java:172)
at org.testng.internal.MethodRunner.runInSequence(MethodRunner.java:46)
at org.testng.internal.TestInvoker$MethodInvocationAgent.invoke(TestInvoker.java:804)
at org.testng.internal.TestInvoker.invokeTestMethods(TestInvoker.java:145)
at org.testng.internal.TestMethodWorker.invokeTestMethods(TestMethodWorker.java:146)
at org.testng.internal.TestMethodWorker.run(TestMethodWorker.java:128)
at java.util.ArrayList.forEach(Unknown Source)
at org.testng.TestRunner.privateRun(TestRunner.java:770)
at org.testng.TestRunner.run(TestRunner.java:591)
at org.testng.SuiteRunner.runTest(SuiteRunner.java:402)
at org.testng.SuiteRunner.access$000(SuiteRunner.java:41)
at org.testng.SuiteRunner$SuiteWorker.run(SuiteRunner.java:443)
at org.testng.internal.thread.ThreadUtil.lambda$execute$0(ThreadUtil.java:67)
at java.util.concurrent.FutureTask.run(Unknown Source)
at java.util.concurrent.ThreadPoolExecutor.runWorker(Unknown Source)
at java.util.concurrent.ThreadPoolExecutor$Worker.run(Unknown Source)
at java.lang.Thread.run(Unknown Source)
]]>
            </full-stacktrace>
          </exception> <!-- java.lang.AssertionError -->
          <reporter-output>
            <line>
              <![CDATA[Title is matching...]]>
            </line>
            <line>
              <![CDATA[Matching Title is = actiTIME - Login]]>
            </line>
            <line>
              <![CDATA[Title is not matching...]]>
            </line>
            <line>
              <![CDATA[Matching Title is = actiTIME - Login]]>
            </line>
          </reporter-output>
        </test-method> <!-- ValidLoginLogout -->
        <test-method status="PASS" signature="postcondition(org.testng.ITestResult)[pri:0, instance:com_ActiTime_Tests.ValidLoginLogoutTest@5cc7c2a6]" name="postcondition" is-config="true" duration-ms="745" started-at="2020-12-28T08:35:05 IST" finished-at="2020-12-28T08:35:05 IST">
          <params>
            <param index="0">
              <value>
                <![CDATA[[TestResult name=ValidLoginLogout status=FAILURE method=ValidLoginLogoutTest.ValidLoginLogout()[pri:1, instance:com_ActiTime_Tests.ValidLoginLogoutTest@5cc7c2a6] output=Title is matching...]]]>
              </value>
            </param>
          </params>
          <reporter-output>
          </reporter-output>
        </test-method> <!-- postcondition -->
      </class> <!-- com_ActiTime_Tests.ValidLoginLogoutTest -->
      <class name="com_ActiTime_Tests.VerifyversionTest">
        <test-method status="PASS" signature="precondition(java.lang.String, java.lang.String, java.lang.String)[pri:0, instance:com_ActiTime_Tests.VerifyversionTest@b97c004]" name="precondition" is-config="true" duration-ms="19476" started-at="2020-12-28T08:35:05 IST" finished-at="2020-12-28T08:35:25 IST">
          <params>
            <param index="0">
              <value>
                <![CDATA[http://localhost:4444/wd/hub]]>
              </value>
            </param>
            <param index="1">
              <value>
                <![CDATA[chrome]]>
              </value>
            </param>
            <param index="2">
              <value>
                <![CDATA[https://demo.actitime.com]]>
              </value>
            </param>
          </params>
          <reporter-output>
          </reporter-output>
        </test-method> <!-- precondition -->
        <test-method status="PASS" signature="verifyversion()[pri:3, instance:com_ActiTime_Tests.VerifyversionTest@b97c004]" name="verifyversion" duration-ms="583" started-at="2020-12-28T08:35:25 IST" finished-at="2020-12-28T08:35:26 IST">
          <reporter-output>
            <line>
              <![CDATA[Title is matching...]]>
            </line>
            <line>
              <![CDATA[Matching Title is = actiTIME - Login]]>
            </line>
            <line>
              <![CDATA[Element is present...]]>
            </line>
            <line>
              <![CDATA[Actual application version = actiTIME 2020 Online]]>
            </line>
          </reporter-output>
        </test-method> <!-- verifyversion -->
        <test-method status="PASS" signature="postcondition(org.testng.ITestResult)[pri:0, instance:com_ActiTime_Tests.VerifyversionTest@b97c004]" name="postcondition" is-config="true" duration-ms="439" started-at="2020-12-28T08:35:26 IST" finished-at="2020-12-28T08:35:26 IST">
          <params>
            <param index="0">
              <value>
                <![CDATA[[TestResult name=verifyversion status=SUCCESS method=VerifyversionTest.verifyversion()[pri:3, instance:com_ActiTime_Tests.VerifyversionTest@b97c004] output=Title is matching...]]]>
              </value>
            </param>
          </params>
          <reporter-output>
          </reporter-output>
        </test-method> <!-- postcondition -->
      </class> <!-- com_ActiTime_Tests.VerifyversionTest -->
    </test> <!-- ChromeTest -->
    <test name="FirefoxTest" duration-ms="69573" started-at="2020-12-28T08:34:21 IST" finished-at="2020-12-28T08:35:31 IST">
      <class name="com_ActiTime_Tests.ValidLoginLogoutTest">
        <test-method status="PASS" signature="precondition(java.lang.String, java.lang.String, java.lang.String)[pri:0, instance:com_ActiTime_Tests.ValidLoginLogoutTest@5d5eef3d]" name="precondition" is-config="true" duration-ms="24597" started-at="2020-12-28T08:34:21 IST" finished-at="2020-12-28T08:34:46 IST">
          <params>
            <param index="0">
              <value>
                <![CDATA[http://localhost:4444/wd/hub]]>
              </value>
            </param>
            <param index="1">
              <value>
                <![CDATA[firefox]]>
              </value>
            </param>
            <param index="2">
              <value>
                <![CDATA[https://demo.actitime.com]]>
              </value>
            </param>
          </params>
          <reporter-output>
          </reporter-output>
        </test-method> <!-- precondition -->
        <test-method status="FAIL" signature="ValidLoginLogout()[pri:1, instance:com_ActiTime_Tests.ValidLoginLogoutTest@5d5eef3d]" name="ValidLoginLogout" duration-ms="12844" started-at="2020-12-28T08:34:46 IST" finished-at="2020-12-28T08:34:59 IST">
          <exception class="java.lang.AssertionError">
            <message>
              <![CDATA[null]]>
            </message>
            <full-stacktrace>
              <![CDATA[java.lang.AssertionError: null
at org.testng.Assert.fail(Assert.java:97)
at org.testng.Assert.fail(Assert.java:102)
at com_ActiTime_Generic.BasePage.verifyTitle(BasePage.java:32)
at com_ActiTime_Tests.ValidLoginLogoutTest.ValidLoginLogout(ValidLoginLogoutTest.java:30)
at sun.reflect.NativeMethodAccessorImpl.invoke0(Native Method)
at sun.reflect.NativeMethodAccessorImpl.invoke(Unknown Source)
at sun.reflect.DelegatingMethodAccessorImpl.invoke(Unknown Source)
at java.lang.reflect.Method.invoke(Unknown Source)
at org.testng.internal.MethodInvocationHelper.invokeMethod(MethodInvocationHelper.java:133)
at org.testng.internal.TestInvoker.invokeMethod(TestInvoker.java:584)
at org.testng.internal.TestInvoker.invokeTestMethod(TestInvoker.java:172)
at org.testng.internal.MethodRunner.runInSequence(MethodRunner.java:46)
at org.testng.internal.TestInvoker$MethodInvocationAgent.invoke(TestInvoker.java:804)
at org.testng.internal.TestInvoker.invokeTestMethods(TestInvoker.java:145)
at org.testng.internal.TestMethodWorker.invokeTestMethods(TestMethodWorker.java:146)
at org.testng.internal.TestMethodWorker.run(TestMethodWorker.java:128)
at java.util.ArrayList.forEach(Unknown Source)
at org.testng.TestRunner.privateRun(TestRunner.java:770)
at org.testng.TestRunner.run(TestRunner.java:591)
at org.testng.SuiteRunner.runTest(SuiteRunner.java:402)
at org.testng.SuiteRunner.access$000(SuiteRunner.java:41)
at org.testng.SuiteRunner$SuiteWorker.run(SuiteRunner.java:443)
at org.testng.internal.thread.ThreadUtil.lambda$execute$0(ThreadUtil.java:67)
at java.util.concurrent.FutureTask.run(Unknown Source)
at java.util.concurrent.ThreadPoolExecutor.runWorker(Unknown Source)
at java.util.concurrent.ThreadPoolExecutor$Worker.run(Unknown Source)
at java.lang.Thread.run(Unknown Source)
]]>
            </full-stacktrace>
          </exception> <!-- java.lang.AssertionError -->
          <reporter-output>
            <line>
              <![CDATA[Title is matching...]]>
            </line>
            <line>
              <![CDATA[Matching Title is = actiTIME - Login]]>
            </line>
            <line>
              <![CDATA[Title is not matching...]]>
            </line>
            <line>
              <![CDATA[Matching Title is = actiTIME - Login]]>
            </line>
          </reporter-output>
        </test-method> <!-- ValidLoginLogout -->
        <test-method status="PASS" signature="postcondition(org.testng.ITestResult)[pri:0, instance:com_ActiTime_Tests.ValidLoginLogoutTest@5d5eef3d]" name="postcondition" is-config="true" duration-ms="2426" started-at="2020-12-28T08:34:59 IST" finished-at="2020-12-28T08:35:01 IST">
          <params>
            <param index="0">
              <value>
                <![CDATA[[TestResult name=ValidLoginLogout status=FAILURE method=ValidLoginLogoutTest.ValidLoginLogout()[pri:1, instance:com_ActiTime_Tests.ValidLoginLogoutTest@5d5eef3d] output=Title is matching...]]]>
              </value>
            </param>
          </params>
          <reporter-output>
          </reporter-output>
        </test-method> <!-- postcondition -->
      </class> <!-- com_ActiTime_Tests.ValidLoginLogoutTest -->
      <class name="com_ActiTime_Tests.VerifyversionTest">
        <test-method status="PASS" signature="precondition(java.lang.String, java.lang.String, java.lang.String)[pri:0, instance:com_ActiTime_Tests.VerifyversionTest@56f4468b]" name="precondition" is-config="true" duration-ms="27339" started-at="2020-12-28T08:35:01 IST" finished-at="2020-12-28T08:35:29 IST">
          <params>
            <param index="0">
              <value>
                <![CDATA[http://localhost:4444/wd/hub]]>
              </value>
            </param>
            <param index="1">
              <value>
                <![CDATA[firefox]]>
              </value>
            </param>
            <param index="2">
              <value>
                <![CDATA[https://demo.actitime.com]]>
              </value>
            </param>
          </params>
          <reporter-output>
          </reporter-output>
        </test-method> <!-- precondition -->
        <test-method status="PASS" signature="verifyversion()[pri:3, instance:com_ActiTime_Tests.VerifyversionTest@56f4468b]" name="verifyversion" duration-ms="358" started-at="2020-12-28T08:35:29 IST" finished-at="2020-12-28T08:35:29 IST">
          <reporter-output>
            <line>
              <![CDATA[Title is matching...]]>
            </line>
            <line>
              <![CDATA[Matching Title is = actiTIME - Login]]>
            </line>
            <line>
              <![CDATA[Element is present...]]>
            </line>
            <line>
              <![CDATA[Actual application version = actiTIME 2020 Online]]>
            </line>
          </reporter-output>
        </test-method> <!-- verifyversion -->
        <test-method status="PASS" signature="postcondition(org.testng.ITestResult)[pri:0, instance:com_ActiTime_Tests.VerifyversionTest@56f4468b]" name="postcondition" is-config="true" duration-ms="1936" started-at="2020-12-28T08:35:29 IST" finished-at="2020-12-28T08:35:31 IST">
          <params>
            <param index="0">
              <value>
                <![CDATA[[TestResult name=verifyversion status=SUCCESS method=VerifyversionTest.verifyversion()[pri:3, instance:com_ActiTime_Tests.VerifyversionTest@56f4468b] output=Title is matching...]]]>
              </value>
            </param>
          </params>
          <reporter-output>
          </reporter-output>
        </test-method> <!-- postcondition -->
      </class> <!-- com_ActiTime_Tests.VerifyversionTest -->
    </test> <!-- FirefoxTest -->
  </suite> <!-- Suite -->
</testng-results>
